<?xml version="1.0" encoding="UTF-8"?>
<!-- Generated by org.testng.reporters.JUnitXMLReporter -->
<testsuite ignored="0" hostname="DESKTOP-CEVN84Q" failures="0" tests="3" name="Test" time="57.511" errors="0" timestamp="2022-09-16T13:00:17 IST">
  <testcase classname="com.crm.VTiger.TestCases.Tc_1" name="view" time="15.541"/>
  <testcase classname="com.crm.VTiger.TestCases.Tc_2" name="view" time="16.006"/>
  <testcase classname="com.crm.VTiger.TestCases.CreateOpportunitywithSalesStageValueProposition" name="view" time="15.61"/>
</testsuite> <!-- Test -->
