<?xml version="1.0" encoding="UTF-8"?>
<testng-results ignored="0" total="3" passed="2" failed="1" skipped="0">
  <reporter-output>
  </reporter-output>
  <suite started-at="2022-09-16T10:43:15 IST" name="Suite" finished-at="2022-09-16T10:44:00 IST" duration-ms="45577">
    <groups>
    </groups>
    <test started-at="2022-09-16T10:43:15 IST" name="Test" finished-at="2022-09-16T10:44:00 IST" duration-ms="45577">
      <class name="com.crm.VTiger.TestCases.CreateOpportunitywithSalesStageValueProposition">
        <test-method is-config="true" signature="openBrowser()[pri:0, instance:com.crm.VTiger.TestCases.CreateOpportunitywithSalesStageValueProposition@6283d8b8]" started-at="2022-09-16T10:43:41 IST" name="openBrowser" finished-at="2022-09-16T10:43:42 IST" duration-ms="1237" status="PASS">
          <reporter-output>
          </reporter-output>
        </test-method> <!-- openBrowser -->
        <test-method is-config="true" signature="setLogin()[pri:0, instance:com.crm.VTiger.TestCases.CreateOpportunitywithSalesStageValueProposition@6283d8b8]" started-at="2022-09-16T10:43:42 IST" name="setLogin" finished-at="2022-09-16T10:43:47 IST" duration-ms="4811" status="PASS">
          <reporter-output>
          </reporter-output>
        </test-method> <!-- setLogin -->
        <test-method signature="view()[pri:0, instance:com.crm.VTiger.TestCases.CreateOpportunitywithSalesStageValueProposition@6283d8b8]" started-at="2022-09-16T10:43:47 IST" name="view" finished-at="2022-09-16T10:43:58 IST" duration-ms="10884" status="FAIL">
          <exception class="org.openqa.selenium.NoSuchWindowException">
            <message>
              <![CDATA[no such window
  (Session info: chrome=105.0.5195.102)
Build info: version: '3.141.59', revision: 'e82be7d358', time: '2018-11-14T08:17:03'
System info: host: 'DESKTOP-CEVN84Q', ip: '192.168.220.1', os.name: 'Windows 10', os.arch: 'amd64', os.version: '10.0', java.version: '17.0.2'
Driver info: org.openqa.selenium.chrome.ChromeDriver
Capabilities {acceptInsecureCerts: false, browserName: chrome, browserVersion: 105.0.5195.102, chrome: {chromedriverVersion: 104.0.5112.79 (3cf3e8c8a07d..., userDataDir: C:\Users\Asush\AppData\Loca...}, goog:chromeOptions: {debuggerAddress: localhost:64612}, javascriptEnabled: true, networkConnectionEnabled: false, pageLoadStrategy: normal, platform: WINDOWS, platformName: WINDOWS, proxy: Proxy(), setWindowRect: true, strictFileInteractability: false, timeouts: {implicit: 0, pageLoad: 300000, script: 30000}, unhandledPromptBehavior: dismiss and notify, webauthn:extension:credBlob: true, webauthn:extension:largeBlob: true, webauthn:virtualAuthenticators: true}
Session ID: 6e727df98c460c986a58fcd9c46603dc]]>
            </message>
            <full-stacktrace>
              <![CDATA[org.openqa.selenium.NoSuchWindowException: no such window
  (Session info: chrome=105.0.5195.102)
Build info: version: '3.141.59', revision: 'e82be7d358', time: '2018-11-14T08:17:03'
System info: host: 'DESKTOP-CEVN84Q', ip: '192.168.220.1', os.name: 'Windows 10', os.arch: 'amd64', os.version: '10.0', java.version: '17.0.2'
Driver info: org.openqa.selenium.chrome.ChromeDriver
Capabilities {acceptInsecureCerts: false, browserName: chrome, browserVersion: 105.0.5195.102, chrome: {chromedriverVersion: 104.0.5112.79 (3cf3e8c8a07d..., userDataDir: C:\Users\Asush\AppData\Loca...}, goog:chromeOptions: {debuggerAddress: localhost:64612}, javascriptEnabled: true, networkConnectionEnabled: false, pageLoadStrategy: normal, platform: WINDOWS, platformName: WINDOWS, proxy: Proxy(), setWindowRect: true, strictFileInteractability: false, timeouts: {implicit: 0, pageLoad: 300000, script: 30000}, unhandledPromptBehavior: dismiss and notify, webauthn:extension:credBlob: true, webauthn:extension:largeBlob: true, webauthn:virtualAuthenticators: true}
Session ID: 6e727df98c460c986a58fcd9c46603dc
at java.base/jdk.internal.reflect.NativeConstructorAccessorImpl.newInstance0(Native Method)
at java.base/jdk.internal.reflect.NativeConstructorAccessorImpl.newInstance(NativeConstructorAccessorImpl.java:77)
at java.base/jdk.internal.reflect.DelegatingConstructorAccessorImpl.newInstance(DelegatingConstructorAccessorImpl.java:45)
at java.base/java.lang.reflect.Constructor.newInstanceWithCaller(Constructor.java:499)
at java.base/java.lang.reflect.Constructor.newInstance(Constructor.java:480)
at org.openqa.selenium.remote.http.W3CHttpResponseCodec.createException(W3CHttpResponseCodec.java:187)
at org.openqa.selenium.remote.http.W3CHttpResponseCodec.decode(W3CHttpResponseCodec.java:122)
at org.openqa.selenium.remote.http.W3CHttpResponseCodec.decode(W3CHttpResponseCodec.java:49)
at org.openqa.selenium.remote.HttpCommandExecutor.execute(HttpCommandExecutor.java:158)
at org.openqa.selenium.remote.service.DriverCommandExecutor.execute(DriverCommandExecutor.java:83)
at org.openqa.selenium.remote.RemoteWebDriver.execute(RemoteWebDriver.java:552)
at org.openqa.selenium.remote.RemoteWebDriver$RemoteTargetLocator.window(RemoteWebDriver.java:903)
at GenericLibrary.WebDiverUtility.switchingwindow(WebDiverUtility.java:109)
at com.crm.VTiger.TestCases.CreateOpportunitywithSalesStageValueProposition.view(CreateOpportunitywithSalesStageValueProposition.java:43)
at java.base/jdk.internal.reflect.NativeMethodAccessorImpl.invoke0(Native Method)
at java.base/jdk.internal.reflect.NativeMethodAccessorImpl.invoke(NativeMethodAccessorImpl.java:77)
at java.base/jdk.internal.reflect.DelegatingMethodAccessorImpl.invoke(DelegatingMethodAccessorImpl.java:43)
at java.base/java.lang.reflect.Method.invoke(Method.java:568)
at org.testng.internal.MethodInvocationHelper.invokeMethod(MethodInvocationHelper.java:133)
at org.testng.internal.TestInvoker.invokeMethod(TestInvoker.java:598)
at org.testng.internal.TestInvoker.invokeTestMethod(TestInvoker.java:173)
at org.testng.internal.MethodRunner.runInSequence(MethodRunner.java:46)
at org.testng.internal.TestInvoker$MethodInvocationAgent.invoke(TestInvoker.java:824)
at org.testng.internal.TestInvoker.invokeTestMethods(TestInvoker.java:146)
at org.testng.internal.TestMethodWorker.invokeTestMethods(TestMethodWorker.java:146)
at org.testng.internal.TestMethodWorker.run(TestMethodWorker.java:128)
at java.base/java.util.concurrent.ThreadPoolExecutor.runWorker(ThreadPoolExecutor.java:1136)
at java.base/java.util.concurrent.ThreadPoolExecutor$Worker.run(ThreadPoolExecutor.java:635)
at java.base/java.lang.Thread.run(Thread.java:833)
]]>
            </full-stacktrace>
          </exception> <!-- org.openqa.selenium.NoSuchWindowException -->
          <reporter-output>
          </reporter-output>
        </test-method> <!-- view -->
        <test-method is-config="true" signature="logout()[pri:0, instance:com.crm.VTiger.TestCases.CreateOpportunitywithSalesStageValueProposition@6283d8b8]" started-at="2022-09-16T10:43:58 IST" name="logout" finished-at="2022-09-16T10:44:00 IST" duration-ms="2211" status="PASS">
          <reporter-output>
          </reporter-output>
        </test-method> <!-- logout -->
        <test-method is-config="true" signature="closeVrowser()[pri:0, instance:com.crm.VTiger.TestCases.CreateOpportunitywithSalesStageValueProposition@6283d8b8]" started-at="2022-09-16T10:44:00 IST" name="closeVrowser" finished-at="2022-09-16T10:44:00 IST" duration-ms="114" status="PASS">
          <reporter-output>
          </reporter-output>
        </test-method> <!-- closeVrowser -->
      </class> <!-- com.crm.VTiger.TestCases.CreateOpportunitywithSalesStageValueProposition -->
      <class name="com.crm.VTiger.TestCases.Tc_2">
        <test-method is-config="true" signature="openBrowser()[pri:0, instance:com.crm.VTiger.TestCases.Tc_2@4229bb3f]" started-at="2022-09-16T10:43:15 IST" name="openBrowser" finished-at="2022-09-16T10:43:18 IST" duration-ms="2713" status="PASS">
          <reporter-output>
          </reporter-output>
        </test-method> <!-- openBrowser -->
        <test-method is-config="true" signature="setLogin()[pri:0, instance:com.crm.VTiger.TestCases.Tc_2@4229bb3f]" started-at="2022-09-16T10:43:18 IST" name="setLogin" finished-at="2022-09-16T10:43:24 IST" duration-ms="6471" status="PASS">
          <reporter-output>
          </reporter-output>
        </test-method> <!-- setLogin -->
        <test-method signature="view()[pri:0, instance:com.crm.VTiger.TestCases.Tc_2@4229bb3f]" started-at="2022-09-16T10:43:24 IST" name="view" finished-at="2022-09-16T10:43:40 IST" duration-ms="15419" status="PASS">
          <reporter-output>
          </reporter-output>
        </test-method> <!-- view -->
        <test-method is-config="true" signature="logout()[pri:0, instance:com.crm.VTiger.TestCases.Tc_2@4229bb3f]" started-at="2022-09-16T10:43:40 IST" name="logout" finished-at="2022-09-16T10:43:42 IST" duration-ms="2263" status="PASS">
          <reporter-output>
          </reporter-output>
        </test-method> <!-- logout -->
        <test-method is-config="true" signature="closeVrowser()[pri:0, instance:com.crm.VTiger.TestCases.Tc_2@4229bb3f]" started-at="2022-09-16T10:43:42 IST" name="closeVrowser" finished-at="2022-09-16T10:43:42 IST" duration-ms="315" status="PASS">
          <reporter-output>
          </reporter-output>
        </test-method> <!-- closeVrowser -->
      </class> <!-- com.crm.VTiger.TestCases.Tc_2 -->
      <class name="com.crm.VTiger.TestCases.Tc_1">
        <test-method is-config="true" signature="openBrowser()[pri:0, instance:com.crm.VTiger.TestCases.Tc_1@22ef9844]" started-at="2022-09-16T10:43:15 IST" name="openBrowser" finished-at="2022-09-16T10:43:18 IST" duration-ms="2706" status="PASS">
          <reporter-output>
          </reporter-output>
        </test-method> <!-- openBrowser -->
        <test-method is-config="true" signature="setLogin()[pri:0, instance:com.crm.VTiger.TestCases.Tc_1@22ef9844]" started-at="2022-09-16T10:43:18 IST" name="setLogin" finished-at="2022-09-16T10:43:24 IST" duration-ms="6497" status="PASS">
          <reporter-output>
          </reporter-output>
        </test-method> <!-- setLogin -->
        <test-method signature="view()[pri:0, instance:com.crm.VTiger.TestCases.Tc_1@22ef9844]" started-at="2022-09-16T10:43:24 IST" name="view" finished-at="2022-09-16T10:43:39 IST" duration-ms="14940" status="PASS">
          <reporter-output>
          </reporter-output>
        </test-method> <!-- view -->
        <test-method is-config="true" signature="logout()[pri:0, instance:com.crm.VTiger.TestCases.Tc_1@22ef9844]" started-at="2022-09-16T10:43:39 IST" name="logout" finished-at="2022-09-16T10:43:41 IST" duration-ms="1958" status="PASS">
          <reporter-output>
          </reporter-output>
        </test-method> <!-- logout -->
        <test-method is-config="true" signature="closeVrowser()[pri:0, instance:com.crm.VTiger.TestCases.Tc_1@22ef9844]" started-at="2022-09-16T10:43:41 IST" name="closeVrowser" finished-at="2022-09-16T10:43:41 IST" duration-ms="134" status="PASS">
          <reporter-output>
          </reporter-output>
        </test-method> <!-- closeVrowser -->
      </class> <!-- com.crm.VTiger.TestCases.Tc_1 -->
    </test> <!-- Test -->
  </suite> <!-- Suite -->
</testng-results>
